#
# A fatal error has been detected by the Java Runtime Environment:
#
#  SIGSEGV (0xb) at pc=0x00000001099dee09, pid=13618, tid=20995
#
# JRE version: Java(TM) SE Runtime Environment (8.0_40-b27) (build 1.8.0_40-b27)
# Java VM: Java HotSpot(TM) 64-Bit Server VM (25.40-b25 mixed mode bsd-amd64 compressed oops)
# Problematic frame:
# V  [libjvm.dylib+0x1dee09]
#
# Failed to write core dump. Core dumps have been disabled. To enable core dumping, try "ulimit -c unlimited" before starting Java again
#
# If you would like to submit a bug report, please visit:
#   http://bugreport.java.com/bugreport/crash.jsp
#

---------------  T H R E A D  ---------------

Current thread (0x00007f934882d800):  VMThread [stack: 0x00007000027c7000,0x00007000028c7000] [id=20995]

siginfo: si_signo: 11 (SIGSEGV), si_code: 1 (SEGV_MAPERR), si_addr: 0x000000000000001b

Registers:
RAX=0x000000000000000b, RBX=0x00000007c092c610, RCX=0x0000000000000004, RDX=0x00007f935238bb50
RSP=0x00007000028c6770, RBP=0x00007000028c6780, RSI=0x00000007c092c610, RDI=0x0000000124cdb2b8
R8 =0x00007000028c68b7, R9 =0x0000000000000007, R10=0x00000000ffffe000, R11=0x00007f9351400000
R12=0x000000012288f898, R13=0x0000000000000000, R14=0x000000012288f898, R15=0x00007f935238bb30
RIP=0x00000001099dee09, EFLAGS=0x0000000000010206, ERR=0x0000000000000004
  TRAPNO=0x000000000000000e

Top of Stack: (sp=0x00007000028c6770)
0x00007000028c6770:   0000000000000004 00007f935238bb50
0x00007000028c6780:   00007000028c67e0 00000001099df55d
0x00007000028c6790:   00000001228a0c50 00000007c092c610
0x00007000028c67a0:   000000012288f828 0000000309aaa7fa
0x00007000028c67b0:   00007000028c68b7 00000007c08f7c28
0x00007000028c67c0:   00007f934882d800 0000000000000000
0x00007000028c67d0:   000000012288f450 00007f934882d800
0x00007000028c67e0:   00007000028c6900 0000000109b85e32
0x00007000028c67f0:   00007000028c69d0 00007f9347414f50
0x00007000028c6800:   00007f93518b3e00 00007f93518b3e60
0x00007000028c6810:   00007f93518bbde8 00000000000382c0
0x00007000028c6820:   00007f9347414f50 00007f93518b3e00
0x00007000028c6830:   00007f93518b3e60 00007f93518bbde8
0x00007000028c6840:   00000000000382c0 00007f934882d800
0x00007000028c6850:   0000000000000000 0000000700000000
0x00007000028c6860:   0000000000000000 00000001228a0c50
0x00007000028c6870:   00007f934882d800 00007f934882d800
0x00007000028c6880:   00007f9347415370 00007f93474153b0
0x00007000028c6890:   00007f93474153c0 00007f9347415498
0x00007000028c68a0:   00000000000000d8 00007000028c6a20
0x00007000028c68b0:   00007000028c6910 0000000127f17a28
0x00007000028c68c0:   0000000127f17a28 000000012288f450
0x00007000028c68d0:   000000012288f450 00000007c08f7c28
0x00007000028c68e0:   0000000000000000 0000000000000000
0x00007000028c68f0:   00007000028c69d0 00007f934b940000
0x00007000028c6900:   00007000028c6920 0000000109987d2c
0x00007000028c6910:   00007f9347633ef0 00007000028c69d0
0x00007000028c6920:   00007000028c6940 0000000109987f4f
0x00007000028c6930:   00000007c092f990 00000007c092c610
0x00007000028c6940:   00007000028c6a80 0000000109b88098
0x00007000028c6950:   0000000127f17a28 00000007991d5cf8
0x00007000028c6960:   00007f934882d800 0000700002cd2960 

Instructions: (pc=0x00000001099dee09)
0x00000001099dede9:   49 89 fe 49 8b 46 18 a9 00 00 10 00 74 06 4d 8b
0x00000001099dedf9:   76 10 eb 17 49 8b 7e 08 48 85 ff 74 43 48 8b 07
0x00000001099dee09:   ff 50 10 84 c0 74 39 4d 8b 76 08 4d 85 f6 74 30
0x00000001099dee19:   49 8b 06 4c 89 f7 ff 50 10 84 c0 74 23 48 85 db 

Register to memory mapping:

RAX=0x000000000000000b is an unknown value
RBX=0x00000007c092c610 is pointing into metadata
RCX=0x0000000000000004 is an unknown value
RDX=0x00007f935238bb50 is an unknown value
RSP=0x00007000028c6770 is an unknown value
RBP=0x00007000028c6780 is an unknown value
RSI=0x00000007c092c610 is pointing into metadata
RDI=0x0000000124cdb2b8 is pointing into metadata
R8 =0x00007000028c68b7 is an unknown value
R9 =0x0000000000000007 is an unknown value
R10=0x00000000ffffe000 is an unknown value
R11=0x00007f9351400000 is an unknown value
R12=0x000000012288f898 is pointing into metadata
R13=0x0000000000000000 is an unknown value
R14=0x000000012288f898 is pointing into metadata
R15=0x00007f935238bb30 is an unknown value


Stack: [0x00007000027c7000,0x00007000028c7000],  sp=0x00007000028c6770,  free space=1021k
Native frames: (J=compiled Java code, j=interpreted, Vv=VM code, C=native code)
V  [libjvm.dylib+0x1dee09]
V  [libjvm.dylib+0x1df55d]
V  [libjvm.dylib+0x385e32]
V  [libjvm.dylib+0x187d2c]
V  [libjvm.dylib+0x187f4f]
V  [libjvm.dylib+0x388098]
V  [libjvm.dylib+0x38616a]
V  [libjvm.dylib+0x595f7d]
V  [libjvm.dylib+0x5945e9]
V  [libjvm.dylib+0x594a36]
V  [libjvm.dylib+0x594355]
V  [libjvm.dylib+0x46ea8e]
C  [libsystem_pthread.dylib+0x3661]  _pthread_body+0x154
C  [libsystem_pthread.dylib+0x350d]  _pthread_body+0x0
C  [libsystem_pthread.dylib+0x2bf9]  thread_start+0xd

VM_Operation (0x0000700002cd2960): RedefineClasses, mode: safepoint, requested by thread 0x00007f934782d000


---------------  P R O C E S S  ---------------

Java Threads: ( => current thread )
  0x00007f93486a5000 JavaThread "HikariPool-3 housekeeper" daemon [_thread_blocked, id=40203, stack(0x0000700003b00000,0x0000700003c00000)]
  0x00007f93524c4800 JavaThread "container-0" [_thread_blocked, id=41483, stack(0x00007000038fa000,0x00007000039fa000)]
  0x00007f935351e000 JavaThread "ContainerBackgroundProcessor[StandardEngine[Tomcat]]" daemon [_thread_blocked, id=40979, stack(0x00007000037f7000,0x00007000038f7000)]
  0x00007f9347aa4800 JavaThread "localhost-startStop-1" daemon [_thread_blocked, id=43027, stack(0x00007000036f4000,0x00007000037f4000)]
  0x00007f9352571000 JavaThread "Tomcat-startStop-1" daemon [_thread_blocked, id=25867, stack(0x00007000035f1000,0x00007000036f1000)]
  0x00007f935187a000 JavaThread "restartedMain" [_thread_blocked, id=21771, stack(0x00007000034ee000,0x00007000035ee000)]
  0x00007f9352800000 JavaThread "Thread-10" [_thread_blocked, id=36367, stack(0x00007000033eb000,0x00007000034eb000)]
  0x00007f934870e000 JavaThread "DestroyJavaVM" [_thread_blocked, id=6147, stack(0x00007000022b8000,0x00007000023b8000)]
  0x00007f9350862800 JavaThread "Live Reload Server" daemon [_thread_in_native, id=41735, stack(0x0000700003d06000,0x0000700003e06000)]
  0x00007f9349bfe000 JavaThread "Abandoned connection cleanup thread" daemon [_thread_blocked, id=42755, stack(0x00007000039fd000,0x0000700003afd000)]
  0x00007f93478a6800 JavaThread "Service Thread" daemon [_thread_blocked, id=15619, stack(0x00007000031e5000,0x00007000032e5000)]
  0x00007f9348958800 JavaThread "C1 CompilerThread2" daemon [_thread_blocked, id=16131, stack(0x00007000030e2000,0x00007000031e2000)]
  0x00007f934892b800 JavaThread "C2 CompilerThread1" daemon [_thread_blocked, id=16643, stack(0x0000700002fdf000,0x00007000030df000)]
  0x00007f934892a800 JavaThread "C2 CompilerThread0" daemon [_thread_blocked, id=13827, stack(0x0000700002edc000,0x0000700002fdc000)]
  0x00007f9348856800 JavaThread "JDWP Command Reader" daemon [_thread_in_native, id=17155, stack(0x0000700002dd9000,0x0000700002ed9000)]
  0x00007f934782e000 JavaThread "JDWP Event Helper Thread" daemon [_thread_blocked, id=17667, stack(0x0000700002cd6000,0x0000700002dd6000)]
  0x00007f934782d000 JavaThread "JDWP Transport Listener: dt_socket" daemon [_thread_blocked, id=18183, stack(0x0000700002bd3000,0x0000700002cd3000)]
  0x00007f934900a800 JavaThread "Signal Dispatcher" daemon [_thread_blocked, id=13571, stack(0x0000700002ad0000,0x0000700002bd0000)]
  0x00007f9347820800 JavaThread "Finalizer" daemon [_thread_blocked, id=19971, stack(0x00007000029cd000,0x0000700002acd000)]
  0x00007f9348830000 JavaThread "Reference Handler" daemon [_thread_blocked, id=20483, stack(0x00007000028ca000,0x00007000029ca000)]

Other Threads:
=>0x00007f934882d800 VMThread [stack: 0x00007000027c7000,0x00007000028c7000] [id=20995]
  0x00007f9347811800 WatcherThread [stack: 0x00007000032e8000,0x00007000033e8000] [id=15363]

VM state:at safepoint (normal execution)

VM Mutex/Monitor currently owned by a thread:  ([mutex/lock_event])
[0x00007f9347403f70] Threads_lock - owner thread: 0x00007f934882d800

Heap:
 PSYoungGen      total 585216K, used 251358K [0x0000000795580000, 0x00000007ba400000, 0x00000007c0000000)
  eden space 565760K, 44% used [0x0000000795580000,0x00000007a4af7a50,0x00000007b7e00000)
  from space 19456K, 0% used [0x00000007b7e00000,0x00000007b7e00000,0x00000007b9100000)
  to   space 19456K, 0% used [0x00000007b9100000,0x00000007b9100000,0x00000007ba400000)
 ParOldGen       total 106496K, used 39325K [0x0000000740000000, 0x0000000746800000, 0x0000000795580000)
  object space 106496K, 36% used [0x0000000740000000,0x00000007426677c8,0x0000000746800000)
 Metaspace       used 67942K, capacity 71404K, committed 71640K, reserved 1112064K
  class space    used 8774K, capacity 9434K, committed 9472K, reserved 1048576K

Card table byte_map: [0x0000000119b29000,0x0000000119f2a000] byte_map_base: 0x0000000116129000

Marking Bits: (ParMarkBitMap*) 0x000000010a0c27a0
 Begin Bits: [0x000000011a1d5000, 0x000000011c1d5000)
 End Bits:   [0x000000011c1d5000, 0x000000011e1d5000)

Polling page: 0x0000000108d50000

CodeCache: size=245760Kb used=21806Kb max_used=21884Kb free=223953Kb
 bounds [0x000000010a769000, 0x000000010bd19000, 0x0000000119769000]
 total_blobs=7643 nmethods=7085 adapters=478
 compilation: enabled

Compilation events (10 events):
Event: 125.506 Thread 0x00007f934892b800 nmethod 8133 0x000000010a99ee90 code [0x000000010a99efe0, 0x000000010a99f078]
Event: 125.506 Thread 0x00007f934892b800 8058       4       org.springframework.util.ReflectionUtils$$Lambda$171/1679229722::doWith (9 bytes)
Event: 125.507 Thread 0x00007f934892b800 nmethod 8058 0x000000010ac1ca90 code [0x000000010ac1cbe0, 0x000000010ac1cc68]
Event: 125.507 Thread 0x00007f934892b800 7971       4       org.apache.logging.slf4j.SLF4JLoggerContext::getLogger (41 bytes)
Event: 125.590 Thread 0x00007f934892b800 nmethod 7971 0x000000010bcae850 code [0x000000010bcaebc0, 0x000000010bcb12a8]
Event: 125.592 Thread 0x00007f934892b800 8203       4       com.sun.org.apache.xerces.internal.util.XMLChar::isSpace (22 bytes)
Event: 125.592 Thread 0x00007f934892b800 nmethod 8203 0x000000010b1cdcd0 code [0x000000010b1cde20, 0x000000010b1cdeb8]
Event: 126.309 Thread 0x00007f934892a800 nmethod 7880 0x000000010bce4c90 code [0x000000010bce6060, 0x000000010bcf7d18]
Event: 132.960 Thread 0x00007f934892b800 8359       4       org.eclipse.jdt.launching.internal.org.objectweb.asm.AnnotationWriter::visitEnd (44 bytes)
Event: 132.961 Thread 0x00007f934892b800 nmethod 8359 0x000000010ac39690 code [0x000000010ac397e0, 0x000000010ac39938]

GC Heap History (10 events):
Event: 90.370 GC heap before
{Heap before GC invocations=16 (full 3):
 PSYoungGen      total 457216K, used 441344K [0x0000000795580000, 0x00000007b2680000, 0x00000007c0000000)
  eden space 441344K, 100% used [0x0000000795580000,0x00000007b0480000,0x00000007b0480000)
  from space 15872K, 0% used [0x00000007b1700000,0x00000007b1700000,0x00000007b2680000)
  to   space 17408K, 0% used [0x00000007b0480000,0x00000007b0480000,0x00000007b1580000)
 ParOldGen       total 106496K, used 29866K [0x0000000740000000, 0x0000000746800000, 0x0000000795580000)
  object space 106496K, 28% used [0x0000000740000000,0x0000000741d2a930,0x0000000746800000)
 Metaspace       used 66599K, capacity 69944K, committed 69976K, reserved 1110016K
  class space    used 8718K, capacity 9328K, committed 9344K, reserved 1048576K
Event: 90.398 GC heap after
Heap after GC invocations=16 (full 3):
 PSYoungGen      total 458752K, used 17394K [0x0000000795580000, 0x00000007ba500000, 0x00000007c0000000)
  eden space 441344K, 0% used [0x0000000795580000,0x0000000795580000,0x00000007b0480000)
  from space 17408K, 99% used [0x00000007b0480000,0x00000007b157ca20,0x00000007b1580000)
  to   space 19968K, 0% used [0x00000007b9180000,0x00000007b9180000,0x00000007ba500000)
 ParOldGen       total 106496K, used 29874K [0x0000000740000000, 0x0000000746800000, 0x0000000795580000)
  object space 106496K, 28% used [0x0000000740000000,0x0000000741d2c930,0x0000000746800000)
 Metaspace       used 66599K, capacity 69944K, committed 69976K, reserved 1110016K
  class space    used 8718K, capacity 9328K, committed 9344K, reserved 1048576K
}
Event: 90.422 GC heap before
{Heap before GC invocations=17 (full 3):
 PSYoungGen      total 458752K, used 42625K [0x0000000795580000, 0x00000007ba500000, 0x00000007c0000000)
  eden space 441344K, 5% used [0x0000000795580000,0x0000000796e23cc0,0x00000007b0480000)
  from space 17408K, 99% used [0x00000007b0480000,0x00000007b157ca20,0x00000007b1580000)
  to   space 19968K, 0% used [0x00000007b9180000,0x00000007b9180000,0x00000007ba500000)
 ParOldGen       total 106496K, used 29874K [0x0000000740000000, 0x0000000746800000, 0x0000000795580000)
  object space 106496K, 28% used [0x0000000740000000,0x0000000741d2c930,0x0000000746800000)
 Metaspace       used 66600K, capacity 69944K, committed 69976K, reserved 1110016K
  class space    used 8718K, capacity 9328K, committed 9344K, reserved 1048576K
Event: 90.448 GC heap after
Heap after GC invocations=17 (full 3):
 PSYoungGen      total 584704K, used 10144K [0x0000000795580000, 0x00000007ba400000, 0x00000007c0000000)
  eden space 565760K, 0% used [0x0000000795580000,0x0000000795580000,0x00000007b7e00000)
  from space 18944K, 53% used [0x00000007b9180000,0x00000007b9b68040,0x00000007ba400000)
  to   space 19456K, 0% used [0x00000007b7e00000,0x00000007b7e00000,0x00000007b9100000)
 ParOldGen       total 106496K, used 29882K [0x0000000740000000, 0x0000000746800000, 0x0000000795580000)
  object space 106496K, 28% used [0x0000000740000000,0x0000000741d2e930,0x0000000746800000)
 Metaspace       used 66600K, capacity 69944K, committed 69976K, reserved 1110016K
  class space    used 8718K, capacity 9328K, committed 9344K, reserved 1048576K
}
Event: 90.448 GC heap before
{Heap before GC invocations=18 (full 4):
 PSYoungGen      total 584704K, used 10144K [0x0000000795580000, 0x00000007ba400000, 0x00000007c0000000)
  eden space 565760K, 0% used [0x0000000795580000,0x0000000795580000,0x00000007b7e00000)
  from space 18944K, 53% used [0x00000007b9180000,0x00000007b9b68040,0x00000007ba400000)
  to   space 19456K, 0% used [0x00000007b7e00000,0x00000007b7e00000,0x00000007b9100000)
 ParOldGen       total 106496K, used 29882K [0x0000000740000000, 0x0000000746800000, 0x0000000795580000)
  object space 106496K, 28% used [0x0000000740000000,0x0000000741d2e930,0x0000000746800000)
 Metaspace       used 66600K, capacity 69944K, committed 69976K, reserved 1110016K
  class space    used 8718K, capacity 9328K, committed 9344K, reserved 1048576K
Event: 90.721 GC heap after
Heap after GC invocations=18 (full 4):
 PSYoungGen      total 584704K, used 0K [0x0000000795580000, 0x00000007ba400000, 0x00000007c0000000)
  eden space 565760K, 0% used [0x0000000795580000,0x0000000795580000,0x00000007b7e00000)
  from space 18944K, 0% used [0x00000007b9180000,0x00000007b9180000,0x00000007ba400000)
  to   space 19456K, 0% used [0x00000007b7e00000,0x00000007b7e00000,0x00000007b9100000)
 ParOldGen       total 106496K, used 32053K [0x0000000740000000, 0x0000000746800000, 0x0000000795580000)
  object space 106496K, 30% used [0x0000000740000000,0x0000000741f4d510,0x0000000746800000)
 Metaspace       used 66600K, capacity 69944K, committed 69976K, reserved 1110016K
  class space    used 8718K, capacity 9328K, committed 9344K, reserved 1048576K
}
Event: 122.414 GC heap before
{Heap before GC invocations=19 (full 4):
 PSYoungGen      total 584704K, used 348741K [0x0000000795580000, 0x00000007ba400000, 0x00000007c0000000)
  eden space 565760K, 61% used [0x0000000795580000,0x00000007aaa11468,0x00000007b7e00000)
  from space 18944K, 0% used [0x00000007b9180000,0x00000007b9180000,0x00000007ba400000)
  to   space 19456K, 0% used [0x00000007b7e00000,0x00000007b7e00000,0x00000007b9100000)
 ParOldGen       total 106496K, used 32053K [0x0000000740000000, 0x0000000746800000, 0x0000000795580000)
  object space 106496K, 30% used [0x0000000740000000,0x0000000741f4d510,0x0000000746800000)
 Metaspace       used 67464K, capacity 70912K, committed 71128K, reserved 1112064K
  class space    used 8752K, capacity 9389K, committed 9472K, reserved 1048576K
Event: 122.435 GC heap after
Heap after GC invocations=19 (full 4):
 PSYoungGen      total 585216K, used 11544K [0x0000000795580000, 0x00000007ba400000, 0x00000007c0000000)
  eden space 565760K, 0% used [0x0000000795580000,0x0000000795580000,0x00000007b7e00000)
  from space 19456K, 59% used [0x00000007b7e00000,0x00000007b89460a8,0x00000007b9100000)
  to   space 19456K, 0% used [0x00000007b9100000,0x00000007b9100000,0x00000007ba400000)
 ParOldGen       total 106496K, used 32061K [0x0000000740000000, 0x0000000746800000, 0x0000000795580000)
  object space 106496K, 30% used [0x0000000740000000,0x0000000741f4f510,0x0000000746800000)
 Metaspace       used 67464K, capacity 70912K, committed 71128K, reserved 1112064K
  class space    used 8752K, capacity 9389K, committed 9472K, reserved 1048576K
}
Event: 122.435 GC heap before
{Heap before GC invocations=20 (full 5):
 PSYoungGen      total 585216K, used 11544K [0x0000000795580000, 0x00000007ba400000, 0x00000007c0000000)
  eden space 565760K, 0% used [0x0000000795580000,0x0000000795580000,0x00000007b7e00000)
  from space 19456K, 59% used [0x00000007b7e00000,0x00000007b89460a8,0x00000007b9100000)
  to   space 19456K, 0% used [0x00000007b9100000,0x00000007b9100000,0x00000007ba400000)
 ParOldGen       total 106496K, used 32061K [0x0000000740000000, 0x0000000746800000, 0x0000000795580000)
  object space 106496K, 30% used [0x0000000740000000,0x0000000741f4f510,0x0000000746800000)
 Metaspace       used 67464K, capacity 70912K, committed 71128K, reserved 1112064K
  class space    used 8752K, capacity 9389K, committed 9472K, reserved 1048576K
Event: 122.711 GC heap after
Heap after GC invocations=20 (full 5):
 PSYoungGen      total 585216K, used 0K [0x0000000795580000, 0x00000007ba400000, 0x00000007c0000000)
  eden space 565760K, 0% used [0x0000000795580000,0x0000000795580000,0x00000007b7e00000)
  from space 19456K, 0% used [0x00000007b7e00000,0x00000007b7e00000,0x00000007b9100000)
  to   space 19456K, 0% used [0x00000007b9100000,0x00000007b9100000,0x00000007ba400000)
 ParOldGen       total 106496K, used 39325K [0x0000000740000000, 0x0000000746800000, 0x0000000795580000)
  object space 106496K, 36% used [0x0000000740000000,0x00000007426677c8,0x0000000746800000)
 Metaspace       used 67462K, capacity 70906K, committed 71128K, reserved 1112064K
  class space    used 8752K, capacity 9387K, committed 9472K, reserved 1048576K
}

Deoptimization events (10 events):
Event: 124.880 Thread 0x00007f935187a000 Uncommon trap: reason=unhandled action=none pc=0x000000010b818edc method=java.net.URLClassLoader.findClass(Ljava/lang/String;)Ljava/lang/Class; @ 44
Event: 124.880 Thread 0x00007f935187a000 Uncommon trap: reason=unhandled action=none pc=0x000000010b818edc method=java.net.URLClassLoader.findClass(Ljava/lang/String;)Ljava/lang/Class; @ 44
Event: 124.881 Thread 0x00007f935187a000 Uncommon trap: reason=unhandled action=none pc=0x000000010b818edc method=java.net.URLClassLoader.findClass(Ljava/lang/String;)Ljava/lang/Class; @ 44
Event: 124.881 Thread 0x00007f935187a000 Uncommon trap: reason=unhandled action=none pc=0x000000010b818edc method=java.net.URLClassLoader.findClass(Ljava/lang/String;)Ljava/lang/Class; @ 44
Event: 124.881 Thread 0x00007f935187a000 Uncommon trap: reason=unhandled action=none pc=0x000000010b818edc method=java.net.URLClassLoader.findClass(Ljava/lang/String;)Ljava/lang/Class; @ 44
Event: 124.881 Thread 0x00007f935187a000 Uncommon trap: reason=unhandled action=none pc=0x000000010b818edc method=java.net.URLClassLoader.findClass(Ljava/lang/String;)Ljava/lang/Class; @ 44
Event: 124.881 Thread 0x00007f935187a000 Uncommon trap: reason=unhandled action=none pc=0x000000010b818edc method=java.net.URLClassLoader.findClass(Ljava/lang/String;)Ljava/lang/Class; @ 44
Event: 124.881 Thread 0x00007f935187a000 Uncommon trap: reason=range_check action=none pc=0x000000010abd91ac method=sun.reflect.generics.parser.SignatureParser.current()C @ 34
Event: 124.882 Thread 0x00007f935187a000 Uncommon trap: reason=range_check action=none pc=0x000000010abd91ac method=sun.reflect.generics.parser.SignatureParser.current()C @ 34
Event: 124.882 Thread 0x00007f935187a000 Uncommon trap: reason=range_check action=none pc=0x000000010abd91ac method=sun.reflect.generics.parser.SignatureParser.current()C @ 34

Internal exceptions (10 events):
Event: 124.858 Thread 0x00007f935187a000 Exception <a 'java/lang/ArrayIndexOutOfBoundsException': 25> (0x00000007a4689080) thrown at [/Users/java_re/workspace/8-2-build-macosx-x86_64/jdk8u40/3153/hotspot/src/share/vm/interpreter/interpreterRuntime.cpp, line 366]
Event: 124.858 Thread 0x00007f935187a000 Exception <a 'java/lang/ArrayIndexOutOfBoundsException': 25> (0x00000007a468a2e8) thrown at [/Users/java_re/workspace/8-2-build-macosx-x86_64/jdk8u40/3153/hotspot/src/share/vm/interpreter/interpreterRuntime.cpp, line 366]
Event: 124.858 Thread 0x00007f935187a000 Exception <a 'java/lang/ArrayIndexOutOfBoundsException': 55> (0x00000007a4690db0) thrown at [/Users/java_re/workspace/8-2-build-macosx-x86_64/jdk8u40/3153/hotspot/src/share/vm/interpreter/interpreterRuntime.cpp, line 366]
Event: 124.870 Thread 0x00007f935187a000 Exception <a 'java/lang/ArrayIndexOutOfBoundsException': 31> (0x00000007a4720830) thrown at [/Users/java_re/workspace/8-2-build-macosx-x86_64/jdk8u40/3153/hotspot/src/share/vm/interpreter/interpreterRuntime.cpp, line 366]
Event: 124.871 Thread 0x00007f935187a000 Exception <a 'java/lang/ArrayIndexOutOfBoundsException': 78> (0x00000007a4721bd8) thrown at [/Users/java_re/workspace/8-2-build-macosx-x86_64/jdk8u40/3153/hotspot/src/share/vm/interpreter/interpreterRuntime.cpp, line 366]
Event: 124.880 Thread 0x00007f935187a000 Exception <a 'java/lang/ClassNotFoundException': java/lang/ObjectCustomizer> (0x00000007a47d0a08) thrown at [/Users/java_re/workspace/8-2-build-macosx-x86_64/jdk8u40/3153/hotspot/src/share/vm/classfile/systemDictionary.cpp, line 210]
Event: 124.881 Thread 0x00007f935187a000 Exception <a 'java/lang/ClassNotFoundException': com/crossover/techtrial/controller/RideControllerCustomizer> (0x00000007a47ef6a8) thrown at [/Users/java_re/workspace/8-2-build-macosx-x86_64/jdk8u40/3153/hotspot/src/share/vm/classfile/systemDictionary.cpp
Event: 124.881 Thread 0x00007f935187a000 Exception <a 'java/lang/ArrayIndexOutOfBoundsException': 117> (0x00000007a47f15b0) thrown at [/Users/java_re/workspace/8-2-build-macosx-x86_64/jdk8u40/3153/hotspot/src/share/vm/interpreter/interpreterRuntime.cpp, line 366]
Event: 124.882 Thread 0x00007f935187a000 Exception <a 'java/lang/ArrayIndexOutOfBoundsException': 97> (0x00000007a47f3580) thrown at [/Users/java_re/workspace/8-2-build-macosx-x86_64/jdk8u40/3153/hotspot/src/share/vm/interpreter/interpreterRuntime.cpp, line 366]
Event: 124.882 Thread 0x00007f935187a000 Exception <a 'java/lang/ArrayIndexOutOfBoundsException': 171> (0x00000007a47f5bd0) thrown at [/Users/java_re/workspace/8-2-build-macosx-x86_64/jdk8u40/3153/hotspot/src/share/vm/interpreter/interpreterRuntime.cpp, line 366]

Events (10 events):
Event: 125.591 Thread 0x00007f934892b800 flushing nmethod 0x000000010afde750
Event: 125.591 Thread 0x00007f934892b800 flushing nmethod 0x000000010afdf350
Event: 125.591 Thread 0x00007f934892b800 flushing nmethod 0x000000010b007110
Event: 125.592 Thread 0x00007f934892b800 flushing nmethod 0x000000010b136990
Event: 125.593 Thread 0x00007f934892b800 flushing nmethod 0x000000010b23af90
Event: 126.310 Thread 0x00007f934892a800 flushing nmethod 0x000000010b365d50
Event: 129.594 Executing VM operation: RevokeBias
Event: 129.595 Executing VM operation: RevokeBias done
Event: 129.595 Thread 0x00007f9348af7000 Thread exited: 0x00007f9348af7000
Event: 132.962 Executing VM operation: RedefineClasses


Dynamic libraries:
0x000000001c833000 	/System/Library/Frameworks/Cocoa.framework/Versions/A/Cocoa
0x000000001c833000 	/System/Library/Frameworks/Security.framework/Versions/A/Security
0x000000001c833000 	/System/Library/Frameworks/ApplicationServices.framework/Versions/A/ApplicationServices
0x000000001c833000 	/usr/lib/libz.1.dylib
0x000000001c833000 	/usr/lib/libSystem.B.dylib
0x000000001c833000 	/usr/lib/libobjc.A.dylib
0x000000001c833000 	/System/Library/Frameworks/CoreFoundation.framework/Versions/A/CoreFoundation
0x000000001c833000 	/System/Library/Frameworks/Foundation.framework/Versions/C/Foundation
0x000000001c833000 	/System/Library/Frameworks/AppKit.framework/Versions/C/AppKit
0x000000001c833000 	/System/Library/Frameworks/CoreData.framework/Versions/A/CoreData
0x000000001c833000 	/System/Library/PrivateFrameworks/RemoteViewServices.framework/Versions/A/RemoteViewServices
0x000000001c833000 	/System/Library/PrivateFrameworks/UIFoundation.framework/Versions/A/UIFoundation
0x000000001c833000 	/System/Library/PrivateFrameworks/DFRFoundation.framework/Versions/A/DFRFoundation
0x000000001c833000 	/System/Library/Frameworks/Metal.framework/Versions/A/Metal
0x000000001c833000 	/System/Library/PrivateFrameworks/DesktopServicesPriv.framework/Versions/A/DesktopServicesPriv
0x000000001c833000 	/usr/lib/libenergytrace.dylib
0x000000001c833000 	/System/Library/PrivateFrameworks/SkyLight.framework/Versions/A/SkyLight
0x000000001c833000 	/System/Library/Frameworks/CoreGraphics.framework/Versions/A/CoreGraphics
0x000000001c833000 	/usr/lib/libScreenReader.dylib
0x000000001c833000 	/System/Library/Frameworks/Accelerate.framework/Versions/A/Accelerate
0x000000001c833000 	/System/Library/Frameworks/IOSurface.framework/Versions/A/IOSurface
0x000000001c833000 	/System/Library/Frameworks/AudioToolbox.framework/Versions/A/AudioToolbox
0x000000001c833000 	/System/Library/Frameworks/AudioUnit.framework/Versions/A/AudioUnit
0x000000001c833000 	/System/Library/PrivateFrameworks/DataDetectorsCore.framework/Versions/A/DataDetectorsCore
0x000000001c833000 	/System/Library/Frameworks/Carbon.framework/Versions/A/Frameworks/HIToolbox.framework/Versions/A/HIToolbox
0x000000001c833000 	/usr/lib/libicucore.A.dylib
0x000000001c833000 	/System/Library/Frameworks/QuartzCore.framework/Versions/A/QuartzCore
0x000000001c833000 	/System/Library/PrivateFrameworks/SignpostNotification.framework/Versions/A/SignpostNotification
0x000000001c833000 	/System/Library/Frameworks/Carbon.framework/Versions/A/Frameworks/SpeechRecognition.framework/Versions/A/SpeechRecognition
0x000000001c833000 	/usr/lib/libauto.dylib
0x000000001c833000 	/usr/lib/libxml2.2.dylib
0x000000001c833000 	/System/Library/PrivateFrameworks/CoreUI.framework/Versions/A/CoreUI
0x000000001c833000 	/System/Library/Frameworks/CoreAudio.framework/Versions/A/CoreAudio
0x000000001c833000 	/System/Library/Frameworks/DiskArbitration.framework/Versions/A/DiskArbitration
0x000000001c833000 	/usr/lib/liblangid.dylib
0x000000001c833000 	/System/Library/PrivateFrameworks/MultitouchSupport.framework/Versions/A/MultitouchSupport
0x000000001c833000 	/System/Library/Frameworks/IOKit.framework/Versions/A/IOKit
0x000000001c833000 	/usr/lib/libDiagnosticMessagesClient.dylib
0x000000001c833000 	/System/Library/Frameworks/CoreServices.framework/Versions/A/CoreServices
0x000000001c833000 	/System/Library/PrivateFrameworks/PerformanceAnalysis.framework/Versions/A/PerformanceAnalysis
0x000000001c833000 	/System/Library/Frameworks/OpenGL.framework/Versions/A/OpenGL
0x000000001c833000 	/System/Library/Frameworks/ColorSync.framework/Versions/A/ColorSync
0x000000001c833000 	/System/Library/Frameworks/CoreImage.framework/Versions/A/CoreImage
0x000000001c833000 	/System/Library/Frameworks/CoreText.framework/Versions/A/CoreText
0x000000001c833000 	/System/Library/Frameworks/ImageIO.framework/Versions/A/ImageIO
0x000000001c833000 	/System/Library/PrivateFrameworks/Backup.framework/Versions/A/Backup
0x000000001c833000 	/usr/lib/libarchive.2.dylib
0x000000001c833000 	/System/Library/Frameworks/CFNetwork.framework/Versions/A/CFNetwork
0x000000001c833000 	/System/Library/Frameworks/SystemConfiguration.framework/Versions/A/SystemConfiguration
0x000000001c833000 	/usr/lib/libCRFSuite.dylib
0x000000001c833000 	/usr/lib/libc++.1.dylib
0x000000001c833000 	/usr/lib/libc++abi.dylib
0x000000001c833000 	/usr/lib/system/libcache.dylib
0x000000001c833000 	/usr/lib/system/libcommonCrypto.dylib
0x000000001c833000 	/usr/lib/system/libcompiler_rt.dylib
0x000000001c833000 	/usr/lib/system/libcopyfile.dylib
0x000000001c833000 	/usr/lib/system/libcorecrypto.dylib
0x000000001c833000 	/usr/lib/system/libdispatch.dylib
0x000000001c833000 	/usr/lib/system/libdyld.dylib
0x000000001c833000 	/usr/lib/system/libkeymgr.dylib
0x000000001c833000 	/usr/lib/system/liblaunch.dylib
0x000000001c833000 	/usr/lib/system/libmacho.dylib
0x000000001c833000 	/usr/lib/system/libquarantine.dylib
0x000000001c833000 	/usr/lib/system/libremovefile.dylib
0x000000001c833000 	/usr/lib/system/libsystem_asl.dylib
0x000000001c833000 	/usr/lib/system/libsystem_blocks.dylib
0x000000001c833000 	/usr/lib/system/libsystem_c.dylib
0x000000001c833000 	/usr/lib/system/libsystem_configuration.dylib
0x000000001c833000 	/usr/lib/system/libsystem_coreservices.dylib
0x000000001c833000 	/usr/lib/system/libsystem_darwin.dylib
0x000000001c833000 	/usr/lib/system/libsystem_dnssd.dylib
0x000000001c833000 	/usr/lib/system/libsystem_info.dylib
0x000000001c833000 	/usr/lib/system/libsystem_m.dylib
0x000000001c833000 	/usr/lib/system/libsystem_malloc.dylib
0x000000001c833000 	/usr/lib/system/libsystem_network.dylib
0x000000001c833000 	/usr/lib/system/libsystem_networkextension.dylib
0x000000001c833000 	/usr/lib/system/libsystem_notify.dylib
0x000000001c833000 	/usr/lib/system/libsystem_sandbox.dylib
0x000000001c833000 	/usr/lib/system/libsystem_secinit.dylib
0x000000001c833000 	/usr/lib/system/libsystem_kernel.dylib
0x000000001c833000 	/usr/lib/system/libsystem_platform.dylib
0x000000001c833000 	/usr/lib/system/libsystem_pthread.dylib
0x000000001c833000 	/usr/lib/system/libsystem_symptoms.dylib
0x000000001c833000 	/usr/lib/system/libsystem_trace.dylib
0x000000001c833000 	/usr/lib/system/libunwind.dylib
0x000000001c833000 	/usr/lib/system/libxpc.dylib
0x000000001c833000 	/usr/lib/closure/libclosured.dylib
0x000000001c833000 	/usr/lib/libbsm.0.dylib
0x000000001c833000 	/usr/lib/system/libkxld.dylib
0x000000001c833000 	/usr/lib/libOpenScriptingUtil.dylib
0x000000001c833000 	/usr/lib/libcoretls.dylib
0x000000001c833000 	/usr/lib/libcoretls_cfhelpers.dylib
0x000000001c833000 	/usr/lib/libpam.2.dylib
0x000000001c833000 	/usr/lib/libsqlite3.dylib
0x000000001c833000 	/usr/lib/libxar.1.dylib
0x000000001c833000 	/usr/lib/libbz2.1.0.dylib
0x000000001c833000 	/usr/lib/liblzma.5.dylib
0x000000001c833000 	/usr/lib/libnetwork.dylib
0x000000001c833000 	/usr/lib/libapple_nghttp2.dylib
0x000000001c833000 	/usr/lib/libpcap.A.dylib
0x000000001c833000 	/usr/lib/libboringssl.dylib
0x000000001c833000 	/usr/lib/libusrtcp.dylib
0x000000001c833000 	/usr/lib/libapple_crypto.dylib
0x000000001c833000 	/System/Library/Frameworks/CoreServices.framework/Versions/A/Frameworks/FSEvents.framework/Versions/A/FSEvents
0x000000001c833000 	/System/Library/Frameworks/CoreServices.framework/Versions/A/Frameworks/CarbonCore.framework/Versions/A/CarbonCore
0x000000001c833000 	/System/Library/Frameworks/CoreServices.framework/Versions/A/Frameworks/Metadata.framework/Versions/A/Metadata
0x000000001c833000 	/System/Library/Frameworks/CoreServices.framework/Versions/A/Frameworks/OSServices.framework/Versions/A/OSServices
0x000000001c833000 	/System/Library/Frameworks/CoreServices.framework/Versions/A/Frameworks/SearchKit.framework/Versions/A/SearchKit
0x000000001c833000 	/System/Library/Frameworks/CoreServices.framework/Versions/A/Frameworks/AE.framework/Versions/A/AE
0x000000001c833000 	/System/Library/Frameworks/CoreServices.framework/Versions/A/Frameworks/LaunchServices.framework/Versions/A/LaunchServices
0x000000001c833000 	/System/Library/Frameworks/CoreServices.framework/Versions/A/Frameworks/DictionaryServices.framework/Versions/A/DictionaryServices
0x000000001c833000 	/System/Library/Frameworks/CoreServices.framework/Versions/A/Frameworks/SharedFileList.framework/Versions/A/SharedFileList
0x000000001c833000 	/System/Library/Frameworks/NetFS.framework/Versions/A/NetFS
0x000000001c833000 	/System/Library/PrivateFrameworks/NetAuth.framework/Versions/A/NetAuth
0x000000001c833000 	/System/Library/PrivateFrameworks/login.framework/Versions/A/Frameworks/loginsupport.framework/Versions/A/loginsupport
0x000000001c833000 	/System/Library/PrivateFrameworks/TCC.framework/Versions/A/TCC
0x000000001c833000 	/usr/lib/libmecabra.dylib
0x000000001c833000 	/System/Library/Frameworks/ApplicationServices.framework/Versions/A/Frameworks/ATS.framework/Versions/A/ATS
0x000000001c833000 	/System/Library/Frameworks/ApplicationServices.framework/Versions/A/Frameworks/ColorSyncLegacy.framework/Versions/A/ColorSyncLegacy
0x000000001c833000 	/System/Library/Frameworks/ApplicationServices.framework/Versions/A/Frameworks/HIServices.framework/Versions/A/HIServices
0x000000001c833000 	/System/Library/Frameworks/ApplicationServices.framework/Versions/A/Frameworks/LangAnalysis.framework/Versions/A/LangAnalysis
0x000000001c833000 	/System/Library/Frameworks/ApplicationServices.framework/Versions/A/Frameworks/PrintCore.framework/Versions/A/PrintCore
0x000000001c833000 	/System/Library/Frameworks/ApplicationServices.framework/Versions/A/Frameworks/QD.framework/Versions/A/QD
0x000000001c833000 	/System/Library/Frameworks/ApplicationServices.framework/Versions/A/Frameworks/SpeechSynthesis.framework/Versions/A/SpeechSynthesis
0x000000001c833000 	/System/Library/Frameworks/CoreDisplay.framework/Versions/A/CoreDisplay
0x000000001c833000 	/System/Library/Frameworks/Accelerate.framework/Versions/A/Frameworks/vImage.framework/Versions/A/vImage
0x000000001c833000 	/System/Library/Frameworks/Accelerate.framework/Versions/A/Frameworks/vecLib.framework/Versions/A/vecLib
0x000000001c833000 	/System/Library/Frameworks/Accelerate.framework/Versions/A/Frameworks/vecLib.framework/Versions/A/libvDSP.dylib
0x000000001c833000 	/System/Library/Frameworks/Accelerate.framework/Versions/A/Frameworks/vecLib.framework/Versions/A/libBNNS.dylib
0x000000001c833000 	/System/Library/Frameworks/Accelerate.framework/Versions/A/Frameworks/vecLib.framework/Versions/A/libQuadrature.dylib
0x000000001c833000 	/System/Library/Frameworks/Accelerate.framework/Versions/A/Frameworks/vecLib.framework/Versions/A/libvMisc.dylib
0x000000001c833000 	/System/Library/Frameworks/Accelerate.framework/Versions/A/Frameworks/vecLib.framework/Versions/A/libLAPACK.dylib
0x000000001c833000 	/System/Library/Frameworks/Accelerate.framework/Versions/A/Frameworks/vecLib.framework/Versions/A/libBLAS.dylib
0x000000001c833000 	/System/Library/Frameworks/Accelerate.framework/Versions/A/Frameworks/vecLib.framework/Versions/A/libLinearAlgebra.dylib
0x000000001c833000 	/System/Library/Frameworks/Accelerate.framework/Versions/A/Frameworks/vecLib.framework/Versions/A/libSparse.dylib
0x000000001c833000 	/System/Library/Frameworks/Accelerate.framework/Versions/A/Frameworks/vecLib.framework/Versions/A/libSparseBLAS.dylib
0x000000001c833000 	/System/Library/PrivateFrameworks/GPUWrangler.framework/Versions/A/GPUWrangler
0x000000001c833000 	/System/Library/PrivateFrameworks/IOAccelerator.framework/Versions/A/IOAccelerator
0x000000001c833000 	/System/Library/PrivateFrameworks/IOPresentment.framework/Versions/A/IOPresentment
0x000000001c833000 	/System/Library/PrivateFrameworks/DSExternalDisplay.framework/Versions/A/DSExternalDisplay
0x000000001c833000 	/System/Library/Frameworks/OpenGL.framework/Versions/A/Libraries/libCoreFSCache.dylib
0x000000001c833000 	/System/Library/Frameworks/CoreVideo.framework/Versions/A/CoreVideo
0x000000001c833000 	/System/Library/PrivateFrameworks/GraphVisualizer.framework/Versions/A/GraphVisualizer
0x000000001c833000 	/System/Library/Frameworks/MetalPerformanceShaders.framework/Versions/A/MetalPerformanceShaders
0x000000001c833000 	/usr/lib/libFosl_dynamic.dylib
0x000000001c833000 	/System/Library/PrivateFrameworks/FaceCore.framework/Versions/A/FaceCore
0x000000001c833000 	/System/Library/Frameworks/OpenCL.framework/Versions/A/OpenCL
0x000000001c833000 	/usr/lib/libcompression.dylib
0x000000001c833000 	/System/Library/Frameworks/ApplicationServices.framework/Versions/A/Frameworks/ATS.framework/Versions/A/Resources/libFontParser.dylib
0x000000001c833000 	/System/Library/Frameworks/ApplicationServices.framework/Versions/A/Frameworks/ATS.framework/Versions/A/Resources/libFontRegistry.dylib
0x000000001c833000 	/System/Library/Frameworks/ImageIO.framework/Versions/A/Resources/libJPEG.dylib
0x000000001c833000 	/System/Library/Frameworks/ImageIO.framework/Versions/A/Resources/libTIFF.dylib
0x000000001c833000 	/System/Library/Frameworks/ImageIO.framework/Versions/A/Resources/libPng.dylib
0x000000001c833000 	/System/Library/Frameworks/ImageIO.framework/Versions/A/Resources/libGIF.dylib
0x000000001c833000 	/System/Library/Frameworks/ImageIO.framework/Versions/A/Resources/libJP2.dylib
0x000000001c833000 	/System/Library/Frameworks/ImageIO.framework/Versions/A/Resources/libRadiance.dylib
0x000000001c833000 	/System/Library/PrivateFrameworks/AppleJPEG.framework/Versions/A/AppleJPEG
0x000000001c833000 	/System/Library/Frameworks/MetalPerformanceShaders.framework/Frameworks/MPSCore.framework/Versions/A/MPSCore
0x000000001c833000 	/System/Library/Frameworks/MetalPerformanceShaders.framework/Frameworks/MPSImage.framework/Versions/A/MPSImage
0x000000001c833000 	/System/Library/Frameworks/MetalPerformanceShaders.framework/Frameworks/MPSNeuralNetwork.framework/Versions/A/MPSNeuralNetwork
0x000000001c833000 	/System/Library/Frameworks/MetalPerformanceShaders.framework/Frameworks/MPSMatrix.framework/Versions/A/MPSMatrix
0x000000001c833000 	/System/Library/PrivateFrameworks/MetalTools.framework/Versions/A/MetalTools
0x000000001c833000 	/System/Library/Frameworks/OpenGL.framework/Versions/A/Libraries/libGLU.dylib
0x000000001c833000 	/System/Library/Frameworks/OpenGL.framework/Versions/A/Libraries/libGFXShared.dylib
0x000000001c833000 	/System/Library/Frameworks/OpenGL.framework/Versions/A/Libraries/libGL.dylib
0x000000001c833000 	/System/Library/Frameworks/OpenGL.framework/Versions/A/Libraries/libGLImage.dylib
0x000000001c833000 	/System/Library/Frameworks/OpenGL.framework/Versions/A/Libraries/libCVMSPluginSupport.dylib
0x000000001c833000 	/System/Library/Frameworks/OpenGL.framework/Versions/A/Libraries/libCoreVMClient.dylib
0x000000001c833000 	/usr/lib/libcups.2.dylib
0x000000001c833000 	/System/Library/Frameworks/Kerberos.framework/Versions/A/Kerberos
0x000000001c833000 	/System/Library/Frameworks/GSS.framework/Versions/A/GSS
0x000000001c833000 	/usr/lib/libresolv.9.dylib
0x000000001c833000 	/usr/lib/libiconv.2.dylib
0x000000001c833000 	/System/Library/PrivateFrameworks/Heimdal.framework/Versions/A/Heimdal
0x000000001c833000 	/usr/lib/libheimdal-asn1.dylib
0x000000001c833000 	/System/Library/Frameworks/OpenDirectory.framework/Versions/A/OpenDirectory
0x000000001c833000 	/System/Library/PrivateFrameworks/CommonAuth.framework/Versions/A/CommonAuth
0x000000001c833000 	/System/Library/Frameworks/OpenDirectory.framework/Versions/A/Frameworks/CFOpenDirectory.framework/Versions/A/CFOpenDirectory
0x000000001c833000 	/System/Library/Frameworks/SecurityFoundation.framework/Versions/A/SecurityFoundation
0x000000001c833000 	/System/Library/PrivateFrameworks/APFS.framework/Versions/A/APFS
0x000000001c833000 	/usr/lib/libutil.dylib
0x000000001c833000 	/System/Library/PrivateFrameworks/AppleSauce.framework/Versions/A/AppleSauce
0x000000001c833000 	/System/Library/PrivateFrameworks/LinguisticData.framework/Versions/A/LinguisticData
0x000000001c833000 	/usr/lib/libmarisa.dylib
0x000000001c833000 	/System/Library/PrivateFrameworks/Lexicon.framework/Versions/A/Lexicon
0x000000001c833000 	/usr/lib/libChineseTokenizer.dylib
0x000000001c833000 	/usr/lib/libcmph.dylib
0x000000001c833000 	/System/Library/PrivateFrameworks/LanguageModeling.framework/Versions/A/LanguageModeling
0x000000001c833000 	/System/Library/PrivateFrameworks/CoreEmoji.framework/Versions/A/CoreEmoji
0x000000001c833000 	/System/Library/Frameworks/ServiceManagement.framework/Versions/A/ServiceManagement
0x000000001c833000 	/System/Library/PrivateFrameworks/BackgroundTaskManagement.framework/Versions/A/BackgroundTaskManagement
0x000000001c833000 	/usr/lib/libxslt.1.dylib
0x000000001c833000 	/System/Library/Frameworks/Carbon.framework/Versions/A/Frameworks/Ink.framework/Versions/A/Ink
0x000000001c833000 	/System/Library/PrivateFrameworks/TextureIO.framework/Versions/A/TextureIO
0x000000001c833000 	/usr/lib/libate.dylib
0x000000001c833000 	/System/Library/PrivateFrameworks/CrashReporterSupport.framework/Versions/A/CrashReporterSupport
0x000000001c833000 	/System/Library/PrivateFrameworks/Sharing.framework/Versions/A/Sharing
0x000000001c833000 	/System/Library/PrivateFrameworks/IconServices.framework/Versions/A/IconServices
0x000000001c833000 	/System/Library/PrivateFrameworks/AuthKit.framework/Versions/A/AuthKit
0x000000001c833000 	/System/Library/PrivateFrameworks/Apple80211.framework/Versions/A/Apple80211
0x000000001c833000 	/System/Library/PrivateFrameworks/CoreUtils.framework/Versions/A/CoreUtils
0x000000001c833000 	/System/Library/Frameworks/CoreWLAN.framework/Versions/A/CoreWLAN
0x000000001c833000 	/System/Library/Frameworks/IOBluetooth.framework/Versions/A/IOBluetooth
0x000000001c833000 	/System/Library/PrivateFrameworks/ProtocolBuffer.framework/Versions/A/ProtocolBuffer
0x000000001c833000 	/System/Library/PrivateFrameworks/MobileKeyBag.framework/Versions/A/MobileKeyBag
0x000000001c833000 	/System/Library/PrivateFrameworks/CorePhoneNumbers.framework/Versions/A/CorePhoneNumbers
0x000000001c833000 	/System/Library/PrivateFrameworks/AppleIDAuthSupport.framework/Versions/A/AppleIDAuthSupport
0x000000001c833000 	/System/Library/PrivateFrameworks/KeychainCircle.framework/Versions/A/KeychainCircle
0x000000001c833000 	/System/Library/PrivateFrameworks/CoreWiFi.framework/Versions/A/CoreWiFi
0x000000001c833000 	/System/Library/Frameworks/CoreBluetooth.framework/Versions/A/CoreBluetooth
0x000000001c833000 	/System/Library/PrivateFrameworks/DebugSymbols.framework/Versions/A/DebugSymbols
0x000000001c833000 	/System/Library/PrivateFrameworks/CoreSymbolication.framework/Versions/A/CoreSymbolication
0x000000001c833000 	/System/Library/PrivateFrameworks/Symbolication.framework/Versions/A/Symbolication
0x000000001c833000 	/System/Library/PrivateFrameworks/AppleFSCompression.framework/Versions/A/AppleFSCompression
0x000000001c833000 	/System/Library/PrivateFrameworks/SpeechRecognitionCore.framework/Versions/A/SpeechRecognitionCore
0x0000000109800000 	/Library/Java/JavaVirtualMachines/jdk1.8.0_40.jdk/Contents/Home/jre/lib/server/libjvm.dylib
0x000000001c833000 	/usr/lib/libstdc++.6.0.9.dylib
0x0000000108d0d000 	/Library/Java/JavaVirtualMachines/jdk1.8.0_40.jdk/Contents/Home/jre/lib/libverify.dylib
0x0000000108d1b000 	/Library/Java/JavaVirtualMachines/jdk1.8.0_40.jdk/Contents/Home/jre/lib/libjava.dylib
0x0000000108d51000 	/Library/Java/JavaVirtualMachines/jdk1.8.0_40.jdk/Contents/Home/jre/lib/libjdwp.dylib
0x0000000108d9c000 	/Library/Java/JavaVirtualMachines/jdk1.8.0_40.jdk/Contents/Home/jre/lib/libnpt.dylib
0x0000000108da0000 	/Library/Java/JavaVirtualMachines/jdk1.8.0_40.jdk/Contents/Home/jre/lib/libinstrument.dylib
0x0000000108e3e000 	/Library/Java/JavaVirtualMachines/jdk1.8.0_40.jdk/Contents/Home/jre/lib/libzip.dylib
0x000000001c833000 	/System/Library/Frameworks/JavaVM.framework/Versions/A/Frameworks/JavaRuntimeSupport.framework/Versions/A/JavaRuntimeSupport
0x000000001c833000 	/System/Library/Frameworks/JavaVM.framework/Versions/A/Frameworks/JavaNativeFoundation.framework/Versions/A/JavaNativeFoundation
0x000000001c833000 	/System/Library/Frameworks/JavaVM.framework/Versions/A/JavaVM
0x000000001c833000 	/System/Library/Frameworks/Carbon.framework/Versions/A/Carbon
0x000000001c833000 	/System/Library/PrivateFrameworks/JavaLaunching.framework/Versions/A/JavaLaunching
0x000000001c833000 	/System/Library/Frameworks/Carbon.framework/Versions/A/Frameworks/CommonPanels.framework/Versions/A/CommonPanels
0x000000001c833000 	/System/Library/Frameworks/Carbon.framework/Versions/A/Frameworks/Help.framework/Versions/A/Help
0x000000001c833000 	/System/Library/Frameworks/Carbon.framework/Versions/A/Frameworks/ImageCapture.framework/Versions/A/ImageCapture
0x000000001c833000 	/System/Library/Frameworks/Carbon.framework/Versions/A/Frameworks/OpenScripting.framework/Versions/A/OpenScripting
0x000000001c833000 	/System/Library/Frameworks/Carbon.framework/Versions/A/Frameworks/Print.framework/Versions/A/Print
0x000000001c833000 	/System/Library/Frameworks/Carbon.framework/Versions/A/Frameworks/SecurityHI.framework/Versions/A/SecurityHI
0x0000000108fe6000 	/Library/Java/JavaVirtualMachines/jdk1.8.0_40.jdk/Contents/Home/jre/lib/libdt_socket.dylib
0x0000000121d01000 	/Library/Java/JavaVirtualMachines/jdk1.8.0_40.jdk/Contents/Home/jre/lib/libmanagement.dylib
0x0000000121d0e000 	/Library/Java/JavaVirtualMachines/jdk1.8.0_40.jdk/Contents/Home/jre/lib/libnet.dylib
0x0000000121df1000 	/Library/Java/JavaVirtualMachines/jdk1.8.0_40.jdk/Contents/Home/jre/lib/libnio.dylib

VM Arguments:
jvm_args: -agentlib:jdwp=transport=dt_socket,suspend=y,address=localhost:55276 -javaagent:/Users/kiran/eclipse/jee-photon/Eclipse.app/Contents/Eclipse/configuration/org.eclipse.osgi/411/0/.cp/lib/javaagent-shaded.jar -Dfile.encoding=UTF-8 
java_command: com.crossover.techtrial.CrossRideApplication
java_class_path (initial): /Library/Java/JavaVirtualMachines/jdk1.8.0_40.jdk/Contents/Home/jre/lib/resources.jar:/Library/Java/JavaVirtualMachines/jdk1.8.0_40.jdk/Contents/Home/jre/lib/rt.jar:/Library/Java/JavaVirtualMachines/jdk1.8.0_40.jdk/Contents/Home/jre/lib/jsse.jar:/Library/Java/JavaVirtualMachines/jdk1.8.0_40.jdk/Contents/Home/jre/lib/jce.jar:/Library/Java/JavaVirtualMachines/jdk1.8.0_40.jdk/Contents/Home/jre/lib/charsets.jar:/Library/Java/JavaVirtualMachines/jdk1.8.0_40.jdk/Contents/Home/jre/lib/jfr.jar:/Library/Java/JavaVirtualMachines/jdk1.8.0_40.jdk/Contents/Home/jre/lib/ext/sunec.jar:/Library/Java/JavaVirtualMachines/jdk1.8.0_40.jdk/Contents/Home/jre/lib/ext/nashorn.jar:/Library/Java/JavaVirtualMachines/jdk1.8.0_40.jdk/Contents/Home/jre/lib/ext/cldrdata.jar:/Library/Java/JavaVirtualMachines/jdk1.8.0_40.jdk/Contents/Home/jre/lib/ext/jfxrt.jar:/Library/Java/JavaVirtualMachines/jdk1.8.0_40.jdk/Contents/Home/jre/lib/ext/dnsns.jar:/Library/Java/JavaVirtualMachines/jdk1.8.0_40.jdk/Contents/Home/jre/lib/ext/localedata.jar:/Library/Java/JavaVirtualMachines/jdk1.8.0_40.jdk/Contents/Home/jre/lib/ext/sunjce_provider.jar:/Library/Java/JavaVirtualMachines/jdk1.8.0_40.jdk/Contents/Home/jre/lib/ext/sunpkcs11.jar:/Library/Java/JavaVirtualMachines/jdk1.8.0_40.jdk/Contents/Home/jre/lib/ext/zipfs.jar:/System/Library/Java/Extensions/MRJToolkit.jar:/Users/kiran/projects/cross-ride-java/bin:/Users/kiran/.gradle/caches/modules-2/files-2.1/org.springframework.boot/spring-boot-starter-data-jpa/2.0.2.RELEASE/a277d15c247684aaef38852a2e71b8b1ef7357e6/spring-boot-starter-data-jpa-2.0.2.RELEASE.jar:/Users/kiran/.gradle/caches/modules-2/files-2.1/org.springframework.boot/spring-boot-starter-data-rest/2.0.2.RELEASE/1617ded563edcb560034293532d74a6c61132eea/spring-boot-starter-data-rest-2.0.2.RELEASE.jar:/Users/kiran/.gradle/caches/modules-2/files-2.1/org.springframework.boot/spring-boot-starter-web/2.0.2.RELEASE/b6ef0cf4d0a7c6c7e93ff524b84cd1d8f87f67d9/spring-boot-starter-web-2.0.2.R
Launcher Type: SUN_STANDARD

Environment Variables:
PATH=/usr/bin:/bin:/usr/sbin:/sbin
SHELL=/bin/bash

Signal Handlers:
SIGSEGV: [libjvm.dylib+0x58ef95], sa_mask[0]=11111111011111110111111111111111, sa_flags=SA_ONSTACK|SA_RESTART|SA_SIGINFO
SIGBUS: [libjvm.dylib+0x58ef95], sa_mask[0]=11111111011111110111111111111111, sa_flags=SA_RESTART|SA_SIGINFO
SIGFPE: [libjvm.dylib+0x46c118], sa_mask[0]=11111111011111110111111111111111, sa_flags=SA_RESTART|SA_SIGINFO
SIGPIPE: [libjvm.dylib+0x46c118], sa_mask[0]=11111111011111110111111111111111, sa_flags=SA_RESTART|SA_SIGINFO
SIGXFSZ: [libjvm.dylib+0x46c118], sa_mask[0]=11111111011111110111111111111111, sa_flags=SA_RESTART|SA_SIGINFO
SIGILL: [libjvm.dylib+0x46c118], sa_mask[0]=11111111011111110111111111111111, sa_flags=SA_RESTART|SA_SIGINFO
SIGUSR1: SIG_DFL, sa_mask[0]=00000000000000000000000000000000, sa_flags=none
SIGUSR2: [libjvm.dylib+0x46bc36], sa_mask[0]=00100000000000000000000000000000, sa_flags=SA_RESTART|SA_SIGINFO
SIGHUP: [libjvm.dylib+0x46a209], sa_mask[0]=11111111011111110111111111111111, sa_flags=SA_RESTART|SA_SIGINFO
SIGINT: [libjvm.dylib+0x46a209], sa_mask[0]=11111111011111110111111111111111, sa_flags=SA_RESTART|SA_SIGINFO
SIGTERM: [libjvm.dylib+0x46a209], sa_mask[0]=11111111011111110111111111111111, sa_flags=SA_RESTART|SA_SIGINFO
SIGQUIT: [libjvm.dylib+0x46a209], sa_mask[0]=11111111011111110111111111111111, sa_flags=SA_RESTART|SA_SIGINFO


---------------  S Y S T E M  ---------------

OS:Bsduname:Darwin 17.7.0 Darwin Kernel Version 17.7.0: Thu Jun 21 22:53:14 PDT 2018; root:xnu-4570.71.2~1/RELEASE_X86_64 x86_64
rlimit: STACK 8192k, CORE 0k, NPROC 709, NOFILE 10240, AS infinity
load average:2.22 2.70 2.62

CPU:total 4 (2 cores per cpu, 2 threads per core) family 6 model 69 stepping 1, cmov, cx8, fxsr, mmx, sse, sse2, sse3, ssse3, sse4.1, sse4.2, popcnt, avx, avx2, aes, clmul, erms, lzcnt, ht, tsc, tscinvbit, bmi1, bmi2

Memory: 4k page, physical 8388608k(51672k free)

/proc/meminfo:


vm_info: Java HotSpot(TM) 64-Bit Server VM (25.40-b25) for bsd-amd64 JRE (1.8.0_40-b27), built on Mar 13 2015 04:46:52 by "java_re" with gcc 4.2.1 (Based on Apple Inc. build 5658) (LLVM build 2336.11.00)

time: Fri Nov  2 22:51:18 2018
elapsed time: 133 seconds (0d 0h 2m 13s)

